{"level":"info","message":{"body":{"mobileNumber":"9861374962","password":"NICBBSR"},"method":"POST","timestamp":"2025-06-03T09:49:01.700Z","url":"/backend/agency/login"},"timestamp":"2025-06-03T09:49:01.701Z"}
{"level":"info","message":{"body":{},"method":"GET","timestamp":"2025-06-03T09:49:02.969Z","url":"/backend/agency-dashboard/agency-125"},"timestamp":"2025-06-03T09:49:02.969Z"}
{"level":"info","message":{"body":{},"method":"GET","timestamp":"2025-06-03T09:55:04.482Z","url":"/backend/event-report/E-20250503-HHS-001"},"timestamp":"2025-06-03T09:55:04.482Z"}
{"level":"info","message":{"body":{},"method":"GET","timestamp":"2025-06-03T09:55:57.825Z","url":"/backend/agency-dashboard/agency-125"},"timestamp":"2025-06-03T09:55:57.825Z"}
{"level":"info","message":{"body":{},"method":"POST","timestamp":"2025-06-03T09:56:00.459Z","url":"/backend/agency/logout"},"timestamp":"2025-06-03T09:56:00.459Z"}
{"level":"info","message":{"body":{"mobileNumber":"9861374962","password":"NICBBSR"},"method":"POST","timestamp":"2025-06-05T09:38:48.061Z","url":"/backend/agency/login"},"timestamp":"2025-06-05T09:38:48.061Z"}
{"level":"info","message":{"body":{},"method":"GET","timestamp":"2025-06-05T09:38:49.786Z","url":"/backend/agency-dashboard/agency-125"},"timestamp":"2025-06-05T09:38:49.786Z"}
{"level":"info","message":{"body":{},"method":"GET","timestamp":"2025-06-05T09:39:21.330Z","url":"/backend/agency-dashboard/agency-125"},"timestamp":"2025-06-05T09:39:21.330Z"}
{"level":"info","message":{"body":{"mobileNumber":"9861374962","password":"NICBBSR"},"method":"POST","timestamp":"2025-06-05T09:41:55.671Z","url":"/backend/agency/login"},"timestamp":"2025-06-05T09:41:55.671Z"}
{"level":"info","message":{"body":{},"method":"GET","timestamp":"2025-06-05T09:41:57.538Z","url":"/backend/agency-dashboard/agency-125"},"timestamp":"2025-06-05T09:41:57.538Z"}
{"level":"info","message":{"body":{"mobileNumber":"9692928155","password":"NICBBSR"},"method":"POST","timestamp":"2025-06-05T09:42:18.216Z","url":"/backend/agency/login"},"timestamp":"2025-06-05T09:42:18.216Z"}
{"level":"info","message":{"body":{},"method":"GET","timestamp":"2025-06-05T09:42:19.906Z","url":"/backend/agency-dashboard/agency-135"},"timestamp":"2025-06-05T09:42:19.906Z"}
{"level":"info","message":{"body":{"mobileNumber":"9692928154","password":"NICBBSR"},"method":"POST","timestamp":"2025-06-05T09:42:52.961Z","url":"/backend/agency/login"},"timestamp":"2025-06-05T09:42:52.961Z"}
{"level":"info","message":{"body":{},"method":"GET","timestamp":"2025-06-05T09:42:54.796Z","url":"/backend/agency-dashboard/agency-166"},"timestamp":"2025-06-05T09:42:54.796Z"}
{"level":"info","message":{"body":{},"method":"GET","timestamp":"2025-06-05T10:22:04.960Z","url":"/backend/event-report/E-20250503-HHS-001"},"timestamp":"2025-06-05T10:22:04.961Z"}
{"level":"info","message":{"body":{},"method":"GET","timestamp":"2025-06-05T10:22:06.063Z","url":"/backend/agency-125/groundstaff"},"timestamp":"2025-06-05T10:22:06.063Z"}
{"level":"info","message":{"body":{"groundStaffName":"hdhhhdhdhdhdhhdhd","status":"Assigned"},"method":"PUT","timestamp":"2025-06-05T10:23:12.032Z","url":"/backend/events/status/E-20250503-HHS-001"},"timestamp":"2025-06-05T10:23:12.032Z"}
{"level":"info","message":{"body":{},"method":"GET","timestamp":"2025-06-05T10:23:12.072Z","url":"/backend/agency-dashboard/agency-125"},"timestamp":"2025-06-05T10:23:12.072Z"}
{"level":"info","message":{"body":{},"method":"GET","timestamp":"2025-06-05T10:23:20.809Z","url":"/backend/agency-dashboard/agency-135"},"timestamp":"2025-06-05T10:23:20.809Z"}
{"level":"info","message":{"body":{},"method":"GET","timestamp":"2025-06-05T10:27:34.929Z","url":"/backend/agency-dashboard/agency-125"},"timestamp":"2025-06-05T10:27:34.929Z"}
{"level":"info","message":{"body":{"agencyId":"agency-125","status":"Accepted"},"method":"PUT","timestamp":"2025-06-05T10:27:39.692Z","url":"/backend/events/status/E-20250503-HHS-001"},"timestamp":"2025-06-05T10:27:39.692Z"}
{"level":"info","message":{"body":{},"method":"GET","timestamp":"2025-06-05T10:27:39.699Z","url":"/backend/event-report/E-20250503-HHS-001"},"timestamp":"2025-06-05T10:27:39.699Z"}
{"level":"info","message":{"body":{},"method":"GET","timestamp":"2025-06-05T10:27:40.664Z","url":"/backend/agency-125/groundstaff"},"timestamp":"2025-06-05T10:27:40.664Z"}
{"level":"info","message":{"body":{},"method":"GET","timestamp":"2025-06-05T10:27:56.797Z","url":"/backend/agency-dashboard/agency-135"},"timestamp":"2025-06-05T10:27:56.797Z"}
{"level":"info","message":{"body":{},"method":"GET","timestamp":"2025-06-05T10:28:03.352Z","url":"/backend/agency-dashboard/agency-125"},"timestamp":"2025-06-05T10:28:03.352Z"}
{"level":"info","message":{"body":{},"method":"GET","timestamp":"2025-06-05T10:35:10.637Z","url":"/backend/agency-dashboard/agency-125"},"timestamp":"2025-06-05T10:35:10.637Z"}
{"level":"info","message":{"body":{"mobileNumber":"9861374962","password":"NICBBSR"},"method":"POST","timestamp":"2025-06-08T04:43:01.603Z","url":"/backend/agency/login"},"timestamp":"2025-06-08T04:43:01.603Z"}
{"level":"info","message":{"body":{},"method":"GET","timestamp":"2025-06-08T04:43:02.874Z","url":"/backend/agency-dashboard/agency-125"},"timestamp":"2025-06-08T04:43:02.874Z"}
{"level":"info","message":{"body":{},"method":"POST","timestamp":"2025-06-08T04:43:13.120Z","url":"/backend/agency/logout"},"timestamp":"2025-06-08T04:43:13.120Z"}
{"level":"info","message":{"body":{"mobileNumber":"9861374962","password":"NICBBSR"},"method":"POST","timestamp":"2025-06-08T04:43:16.895Z","url":"/backend/agency/login"},"timestamp":"2025-06-08T04:43:16.895Z"}
{"level":"info","message":{"body":{},"method":"POST","timestamp":"2025-06-08T04:43:23.991Z","url":"/backend/agency/logout"},"timestamp":"2025-06-08T04:43:23.991Z"}
{"level":"info","message":{"body":{"mobileNumber":"9861374962","password":"NICBBSR"},"method":"POST","timestamp":"2025-06-08T04:43:27.332Z","url":"/backend/agency/login"},"timestamp":"2025-06-08T04:43:27.332Z"}
{"level":"info","message":{"body":{},"method":"POST","timestamp":"2025-06-08T04:43:32.319Z","url":"/backend/agency/logout"},"timestamp":"2025-06-08T04:43:32.319Z"}
{"level":"info","message":{"body":{},"method":"GET","timestamp":"2025-06-08T04:43:38.055Z","url":"/backend/agency-dashboard/agency-125"},"timestamp":"2025-06-08T04:43:38.056Z"}
{"level":"info","message":{"body":{},"method":"GET","timestamp":"2025-06-08T04:43:48.487Z","url":"/backend/agency-dashboard/agency-125"},"timestamp":"2025-06-08T04:43:48.487Z"}
{"level":"info","message":{"body":{},"method":"GET","timestamp":"2025-06-08T04:44:21.741Z","url":"/backend/agency-dashboard/agency-125"},"timestamp":"2025-06-08T04:44:21.741Z"}
{"level":"info","message":{"body":{"mobileNumber":"9861374962","password":"nicbbsr"},"method":"POST","timestamp":"2025-06-08T04:57:20.867Z","url":"/backend/agency/login"},"timestamp":"2025-06-08T04:57:20.868Z"}
{"level":"info","message":{"body":{"mobileNumber":"9861374962","password":"nicbbsr"},"method":"POST","timestamp":"2025-06-08T04:57:28.361Z","url":"/backend/agency/login"},"timestamp":"2025-06-08T04:57:28.361Z"}
{"level":"info","message":{"body":{"mobileNumber":"9861374962","password":"bbsr1234"},"method":"POST","timestamp":"2025-06-08T04:57:52.421Z","url":"/backend/agency/login"},"timestamp":"2025-06-08T04:57:52.421Z"}
{"level":"info","message":{"body":{"mobileNumber":"9861374962","password":"nivggbbr"},"method":"POST","timestamp":"2025-06-08T04:58:05.504Z","url":"/backend/agency/login"},"timestamp":"2025-06-08T04:58:05.504Z"}
{"level":"info","message":{"body":{"mobileNumber":"9861374962","password":"bbsrerrr"},"method":"POST","timestamp":"2025-06-08T04:58:17.138Z","url":"/backend/agency/login"},"timestamp":"2025-06-08T04:58:17.138Z"}
{"level":"info","message":{"body":{"mobileNumber":"9861374962","password":"nicbbsr"},"method":"POST","timestamp":"2025-06-08T04:58:42.379Z","url":"/backend/agency/login"},"timestamp":"2025-06-08T04:58:42.379Z"}
{"level":"info","message":{"body":{"mobileNumber":"9861374962","password":"sserdfg"},"method":"POST","timestamp":"2025-06-08T04:58:55.127Z","url":"/backend/agency/login"},"timestamp":"2025-06-08T04:58:55.127Z"}
{"level":"info","message":{"body":{"mobileNumber":"9861374962","password":"NICBBSR"},"method":"POST","timestamp":"2025-06-08T05:00:28.512Z","url":"/backend/agency/login"},"timestamp":"2025-06-08T05:00:28.512Z"}
{"level":"info","message":{"body":{},"method":"GET","timestamp":"2025-06-08T05:00:29.649Z","url":"/backend/agency-dashboard/agency-125"},"timestamp":"2025-06-08T05:00:29.649Z"}
{"level":"info","message":{"body":{"mobileNumber":"9861374962","password":"NICBBSR"},"method":"POST","timestamp":"2025-06-08T05:02:57.086Z","url":"/backend/agency/login"},"timestamp":"2025-06-08T05:02:57.086Z"}
{"level":"info","message":{"body":{},"method":"GET","timestamp":"2025-06-08T05:02:58.225Z","url":"/backend/agency-dashboard/agency-125"},"timestamp":"2025-06-08T05:02:58.225Z"}
{"level":"info","message":{"body":{"mobileNumber":"9861374962","password":"NICBBSR"},"method":"POST","timestamp":"2025-06-08T05:55:22.034Z","url":"/backend/agency/login"},"timestamp":"2025-06-08T05:55:22.034Z"}
{"level":"info","message":{"body":{},"method":"GET","timestamp":"2025-06-08T05:55:23.225Z","url":"/backend/agency-dashboard/agency-125"},"timestamp":"2025-06-08T05:55:23.225Z"}
{"level":"info","message":{"body":{},"method":"POST","timestamp":"2025-06-08T05:55:36.403Z","url":"/backend/agency/logout"},"timestamp":"2025-06-08T05:55:36.403Z"}
{"level":"info","message":{"body":{"mobileNumber":"9692928155","password":"NICBBSR"},"method":"POST","timestamp":"2025-06-08T05:55:43.226Z","url":"/backend/agency/login"},"timestamp":"2025-06-08T05:55:43.226Z"}
{"level":"info","message":{"body":{},"method":"GET","timestamp":"2025-06-08T05:55:44.435Z","url":"/backend/agency-dashboard/agency-135"},"timestamp":"2025-06-08T05:55:44.435Z"}
{"level":"info","message":{"body":{},"method":"GET","timestamp":"2025-06-08T05:55:53.077Z","url":"/backend/agency-dashboard/agency-125"},"timestamp":"2025-06-08T05:55:53.077Z"}
{"level":"info","message":{"body":{"address":"bbsdr","agencyId":"agency-135","name":"pinaki ","number":"9861374962"},"method":"POST","timestamp":"2025-06-08T05:56:20.454Z","url":"/backend/agency/addgroundstaff"},"timestamp":"2025-06-08T05:56:20.454Z"}
{"level":"info","message":{"body":{},"method":"GET","timestamp":"2025-06-08T05:56:20.473Z","url":"/backend/agency-dashboard/agency-135"},"timestamp":"2025-06-08T05:56:20.473Z"}
{"level":"info","message":{"body":{},"method":"GET","timestamp":"2025-06-08T05:58:16.634Z","url":"/backend/agency-dashboard/agency-135"},"timestamp":"2025-06-08T05:58:16.634Z"}
{"level":"info","message":{"body":{"agencyId":"agency-135","status":"Accepted"},"method":"PUT","timestamp":"2025-06-08T05:58:23.759Z","url":"/backend/events/status/E-20250503-HHS-001"},"timestamp":"2025-06-08T05:58:23.759Z"}
{"level":"info","message":{"body":{},"method":"GET","timestamp":"2025-06-08T05:58:23.771Z","url":"/backend/event-report/E-20250503-HHS-001"},"timestamp":"2025-06-08T05:58:23.771Z"}
{"level":"info","message":{"body":{},"method":"GET","timestamp":"2025-06-08T05:58:24.760Z","url":"/backend/agency-135/groundstaff"},"timestamp":"2025-06-08T05:58:24.760Z"}
{"level":"info","message":{"body":{"mobileNumber":"9861374962","password":"NICBBSR"},"method":"POST","timestamp":"2025-06-08T05:59:08.400Z","url":"/backend/agency/login"},"timestamp":"2025-06-08T05:59:08.400Z"}
{"level":"info","message":{"body":{},"method":"GET","timestamp":"2025-06-08T05:59:09.622Z","url":"/backend/agency-dashboard/agency-125"},"timestamp":"2025-06-08T05:59:09.622Z"}
{"level":"info","message":{"body":{},"method":"GET","timestamp":"2025-06-08T06:00:05.650Z","url":"/backend/agency-dashboard/agency-135"},"timestamp":"2025-06-08T06:00:05.650Z"}
{"level":"info","message":{"body":{},"method":"GET","timestamp":"2025-06-08T06:00:12.370Z","url":"/backend/agency-dashboard/agency-125"},"timestamp":"2025-06-08T06:00:12.370Z"}
{"level":"info","message":{"body":{"agencyId":"agency-125","status":"Accepted"},"method":"PUT","timestamp":"2025-06-08T06:00:22.884Z","url":"/backend/events/status/E-20250503-HHS-001"},"timestamp":"2025-06-08T06:00:22.884Z"}
{"level":"info","message":{"body":{},"method":"GET","timestamp":"2025-06-08T06:00:22.895Z","url":"/backend/event-report/E-20250503-HHS-001"},"timestamp":"2025-06-08T06:00:22.895Z"}
{"level":"info","message":{"body":{},"method":"GET","timestamp":"2025-06-08T06:00:23.772Z","url":"/backend/agency-125/groundstaff"},"timestamp":"2025-06-08T06:00:23.772Z"}
{"level":"info","message":{"body":{"agencyId":"agency-135","status":"Accepted"},"method":"PUT","timestamp":"2025-06-08T06:00:43.748Z","url":"/backend/events/status/E-20250503-HHS-001"},"timestamp":"2025-06-08T06:00:43.748Z"}
{"level":"info","message":{"body":{},"method":"GET","timestamp":"2025-06-08T06:00:43.759Z","url":"/backend/event-report/E-20250503-HHS-001"},"timestamp":"2025-06-08T06:00:43.759Z"}
{"level":"info","message":{"body":{},"method":"GET","timestamp":"2025-06-08T06:00:44.595Z","url":"/backend/agency-135/groundstaff"},"timestamp":"2025-06-08T06:00:44.595Z"}
{"level":"info","message":{"body":{},"method":"GET","timestamp":"2025-06-08T06:06:46.187Z","url":"/backend/agency-dashboard/agency-135"},"timestamp":"2025-06-08T06:06:46.187Z"}
{"level":"info","message":{"body":{},"method":"POST","timestamp":"2025-06-08T06:06:50.213Z","url":"/backend/agency/logout"},"timestamp":"2025-06-08T06:06:50.213Z"}
{"level":"info","message":{"body":{"mobileNumber":"9692928155","password":"NICBBSR"},"method":"POST","timestamp":"2025-06-08T06:56:27.943Z","url":"/backend/agency/login"},"timestamp":"2025-06-08T06:56:27.944Z"}
{"level":"info","message":{"body":{},"method":"GET","timestamp":"2025-06-08T06:56:29.254Z","url":"/backend/agency-dashboard/agency-135"},"timestamp":"2025-06-08T06:56:29.254Z"}
{"level":"info","message":{"body":{},"method":"GET","timestamp":"2025-06-08T06:57:08.589Z","url":"/backend/agency-dashboard/agency-135"},"timestamp":"2025-06-08T06:57:08.589Z"}
{"level":"info","message":{"body":{"agencyId":"agency-135","status":"Accepted"},"method":"PUT","timestamp":"2025-06-08T06:57:14.074Z","url":"/backend/events/status/E-20250503-HHS-001"},"timestamp":"2025-06-08T06:57:14.074Z"}
{"level":"info","message":{"body":{},"method":"GET","timestamp":"2025-06-08T06:57:14.088Z","url":"/backend/event-report/E-20250503-HHS-001"},"timestamp":"2025-06-08T06:57:14.088Z"}
{"level":"info","message":{"body":{},"method":"GET","timestamp":"2025-06-08T06:57:14.897Z","url":"/backend/agency-135/groundstaff"},"timestamp":"2025-06-08T06:57:14.897Z"}
{"level":"info","message":{"body":{"assignment_time":"2025-06-08T06:57:20.386Z","groundStaffName":"pinaki ","status":"Assigned"},"method":"PUT","timestamp":"2025-06-08T06:57:20.395Z","url":"/backend/events/status/E-20250503-HHS-001"},"timestamp":"2025-06-08T06:57:20.395Z"}
{"level":"info","message":{"body":{},"method":"GET","timestamp":"2025-06-08T06:57:20.426Z","url":"/backend/agency-dashboard/agency-135"},"timestamp":"2025-06-08T06:57:20.426Z"}
{"level":"info","message":{"body":{},"method":"GET","timestamp":"2025-06-08T07:12:46.289Z","url":"/backend/agency-dashboard/agency-135"},"timestamp":"2025-06-08T07:12:46.289Z"}
{"level":"info","message":{"body":{"agencyId":"agency-135","status":"Accepted"},"method":"PUT","timestamp":"2025-06-08T07:12:50.213Z","url":"/backend/events/status/E-20250503-HHS-001"},"timestamp":"2025-06-08T07:12:50.213Z"}
{"level":"info","message":{"body":{},"method":"GET","timestamp":"2025-06-08T07:12:50.227Z","url":"/backend/event-report/E-20250503-HHS-001"},"timestamp":"2025-06-08T07:12:50.227Z"}
{"level":"info","message":{"body":{},"method":"GET","timestamp":"2025-06-08T07:12:52.620Z","url":"/backend/agency-135/groundstaff"},"timestamp":"2025-06-08T07:12:52.620Z"}
{"level":"info","message":{"body":{"assignment_time":"2025-06-08T07:12:57.852Z","groundStaffName":"pinaki ","status":"Assigned"},"method":"PUT","timestamp":"2025-06-08T07:12:57.861Z","url":"/backend/events/status/E-20250503-HHS-001"},"timestamp":"2025-06-08T07:12:57.861Z"}
{"level":"info","message":{"body":{},"method":"GET","timestamp":"2025-06-08T07:12:57.888Z","url":"/backend/agency-dashboard/agency-135"},"timestamp":"2025-06-08T07:12:57.888Z"}
